<?xml version="1.0" encoding="UTF-8"?>
<testng-results ignored="0" total="2" passed="2" failed="0" skipped="0">
  <reporter-output>
  </reporter-output>
  <suite started-at="2023-06-08T18:19:29Z" name="Suite" finished-at="2023-06-08T18:20:02Z" duration-ms="32445">
    <groups>
    </groups>
    <test started-at="2023-06-08T18:19:29Z" name="Test" finished-at="2023-06-08T18:20:02Z" duration-ms="32445">
      <class name="com.test.Demo">
        <test-method is-config="true" signature="SetUp()[pri:0, instance:com.test.Demo@3ba987b8]" started-at="2023-06-08T18:19:29Z" name="SetUp" finished-at="2023-06-08T18:19:47Z" duration-ms="17642" status="PASS">
          <reporter-output>
          </reporter-output>
        </test-method> <!-- SetUp -->
        <test-method signature="TitleTest()[pri:0, instance:com.test.Demo@3ba987b8]" started-at="2023-06-08T18:19:47Z" name="TitleTest" finished-at="2023-06-08T18:19:47Z" duration-ms="171" status="PASS">
          <reporter-output>
          </reporter-output>
        </test-method> <!-- TitleTest -->
        <test-method is-config="true" signature="tearDown()[pri:0, instance:com.test.Demo@3ba987b8]" started-at="2023-06-08T18:19:47Z" name="tearDown" finished-at="2023-06-08T18:19:52Z" duration-ms="4540" status="PASS">
          <reporter-output>
          </reporter-output>
        </test-method> <!-- tearDown -->
        <test-method is-config="true" signature="SetUp()[pri:0, instance:com.test.Demo@3ba987b8]" started-at="2023-06-08T18:19:52Z" name="SetUp" finished-at="2023-06-08T18:19:58Z" duration-ms="6545" status="PASS">
          <reporter-output>
          </reporter-output>
        </test-method> <!-- SetUp -->
        <test-method signature="urlTest()[pri:0, instance:com.test.Demo@3ba987b8]" started-at="2023-06-08T18:19:58Z" name="urlTest" finished-at="2023-06-08T18:19:58Z" duration-ms="66" status="PASS">
          <reporter-output>
          </reporter-output>
        </test-method> <!-- urlTest -->
        <test-method is-config="true" signature="tearDown()[pri:0, instance:com.test.Demo@3ba987b8]" started-at="2023-06-08T18:19:58Z" name="tearDown" finished-at="2023-06-08T18:20:02Z" duration-ms="3389" status="PASS">
          <reporter-output>
          </reporter-output>
        </test-method> <!-- tearDown -->
      </class> <!-- com.test.Demo -->
    </test> <!-- Test -->
  </suite> <!-- Suite -->
</testng-results>
